<?xml version="1.0" encoding="UTF-8"?>
<!-- Generated by org.testng.reporters.JUnitReportReporter -->
<testsuite hostname="LT0024851" name="aqtpselenium.sanstockmarket" tests="1" failures="0" timestamp="21 Apr 2015 07:10:37 GMT" time="0.010" errors="0">
  <testcase name="teststockmarket" time="0.010" classname="aqtpselenium.sanstockmarket"/>
</testsuite> <!-- aqtpselenium.sanstockmarket -->
