<?xml version="1.0" encoding="UTF-8"?>
<!-- Generated by org.testng.reporters.JUnitReportReporter -->
<testsuite hostname="LT0024851" name="aqtpselenium.sananagram" tests="1" failures="0" timestamp="20 Apr 2015 10:33:59 GMT" time="0.012" errors="0">
  <testcase name="testanagram" time="0.012" classname="aqtpselenium.sananagram"/>
</testsuite> <!-- aqtpselenium.sananagram -->
